06-May-2026 15:24:35.976 INFO [main] org.apache.catalina.startup.VersionLoggerListener.log Server version name:   Apache Tomcat/11.0.21
06-May-2026 15:24:36.070 INFO [main] org.apache.catalina.startup.VersionLoggerListener.log Server built:          Mar 30 2026 14:59:44 UTC
06-May-2026 15:24:36.071 INFO [main] org.apache.catalina.startup.VersionLoggerListener.log Server version number: 11.0.21.0
06-May-2026 15:24:36.071 INFO [main] org.apache.catalina.startup.VersionLoggerListener.log OS Name:               Linux
06-May-2026 15:24:36.072 INFO [main] org.apache.catalina.startup.VersionLoggerListener.log OS Version:            6.18.19-0-lts
06-May-2026 15:24:36.073 INFO [main] org.apache.catalina.startup.VersionLoggerListener.log Architecture:          amd64
06-May-2026 15:24:36.073 INFO [main] org.apache.catalina.startup.VersionLoggerListener.log Java Home:             /usr/lib/jvm/java-17-openjdk
06-May-2026 15:24:36.073 INFO [main] org.apache.catalina.startup.VersionLoggerListener.log JVM Version:           17.0.18+8-alpine-r0
06-May-2026 15:24:36.073 INFO [main] org.apache.catalina.startup.VersionLoggerListener.log JVM Vendor:            Alpine
06-May-2026 15:24:36.074 INFO [main] org.apache.catalina.startup.VersionLoggerListener.log CATALINA_BASE:         /opt/pm3-grupo6/backend/tomcat
06-May-2026 15:24:36.074 INFO [main] org.apache.catalina.startup.VersionLoggerListener.log CATALINA_HOME:         /opt/pm3-grupo6/backend/tomcat
06-May-2026 15:24:36.197 INFO [main] org.apache.catalina.startup.VersionLoggerListener.log Command line argument: -Djava.util.logging.config.file=/opt/pm3-grupo6/backend/tomcat/conf/logging.properties
06-May-2026 15:24:36.197 INFO [main] org.apache.catalina.startup.VersionLoggerListener.log Command line argument: -Djava.util.logging.manager=org.apache.juli.ClassLoaderLogManager
06-May-2026 15:24:36.198 INFO [main] org.apache.catalina.startup.VersionLoggerListener.log Command line argument: -Djdk.tls.ephemeralDHKeySize=2048
06-May-2026 15:24:36.198 INFO [main] org.apache.catalina.startup.VersionLoggerListener.log Command line argument: -Dorg.apache.catalina.security.SecurityListener.UMASK=0027
06-May-2026 15:24:36.198 INFO [main] org.apache.catalina.startup.VersionLoggerListener.log Command line argument: --add-opens=java.base/java.lang=ALL-UNNAMED
06-May-2026 15:24:36.198 INFO [main] org.apache.catalina.startup.VersionLoggerListener.log Command line argument: --add-opens=java.base/java.lang.reflect=ALL-UNNAMED
06-May-2026 15:24:36.198 INFO [main] org.apache.catalina.startup.VersionLoggerListener.log Command line argument: --add-opens=java.base/java.io=ALL-UNNAMED
06-May-2026 15:24:36.199 INFO [main] org.apache.catalina.startup.VersionLoggerListener.log Command line argument: --add-opens=java.base/java.util=ALL-UNNAMED
06-May-2026 15:24:36.199 INFO [main] org.apache.catalina.startup.VersionLoggerListener.log Command line argument: --add-opens=java.base/java.util.concurrent=ALL-UNNAMED
06-May-2026 15:24:36.199 INFO [main] org.apache.catalina.startup.VersionLoggerListener.log Command line argument: --add-opens=java.rmi/sun.rmi.transport=ALL-UNNAMED
06-May-2026 15:24:36.199 INFO [main] org.apache.catalina.startup.VersionLoggerListener.log Command line argument: --enable-native-access=ALL-UNNAMED
06-May-2026 15:24:36.199 INFO [main] org.apache.catalina.startup.VersionLoggerListener.log Command line argument: -Dcatalina.base=/opt/pm3-grupo6/backend/tomcat
06-May-2026 15:24:36.200 INFO [main] org.apache.catalina.startup.VersionLoggerListener.log Command line argument: -Dcatalina.home=/opt/pm3-grupo6/backend/tomcat
06-May-2026 15:24:36.200 INFO [main] org.apache.catalina.startup.VersionLoggerListener.log Command line argument: -Djava.io.tmpdir=/opt/pm3-grupo6/backend/tomcat/temp
06-May-2026 15:24:36.249 INFO [main] org.apache.catalina.core.AprLifecycleListener.lifecycleEvent The Apache Tomcat Native library which allows using OpenSSL was not found on the java.library.path: [/usr/lib/jvm/java-17-openjdk/lib/server:/usr/lib/jvm/java-17-openjdk/lib:/usr/lib/jvm/java-17-openjdk/../lib:/usr/java/packages/lib:/usr/lib64:/lib64:/lib:/usr/lib]
06-May-2026 15:24:37.927 INFO [main] org.apache.coyote.AbstractProtocol.init Initializing ProtocolHandler ["http-nio-8080"]
06-May-2026 15:24:38.150 INFO [main] org.apache.catalina.startup.Catalina.load Server initialization in [4078] milliseconds
06-May-2026 15:24:38.638 INFO [main] org.apache.catalina.core.StandardService.startInternal Starting service [Catalina]
06-May-2026 15:24:38.640 INFO [main] org.apache.catalina.core.StandardEngine.startInternal Starting Servlet engine: [Apache Tomcat/11.0.21]
06-May-2026 15:24:38.824 INFO [main] org.apache.catalina.startup.HostConfig.deployDirectory Deploying web application directory [/opt/pm3-grupo6/backend/tomcat/webapps/ROOT]
06-May-2026 15:24:41.028 INFO [main] org.apache.catalina.startup.HostConfig.deployDirectory Deployment of web application directory [/opt/pm3-grupo6/backend/tomcat/webapps/ROOT] has finished in [2,203] ms
06-May-2026 15:24:41.031 INFO [main] org.apache.catalina.startup.HostConfig.deployDirectory Deploying web application directory [/opt/pm3-grupo6/backend/tomcat/webapps/host-manager]
06-May-2026 15:24:41.261 INFO [main] org.apache.catalina.startup.HostConfig.deployDirectory Deployment of web application directory [/opt/pm3-grupo6/backend/tomcat/webapps/host-manager] has finished in [230] ms
06-May-2026 15:24:41.274 INFO [main] org.apache.catalina.startup.HostConfig.deployDirectory Deploying web application directory [/opt/pm3-grupo6/backend/tomcat/webapps/docs]
06-May-2026 15:24:41.368 INFO [main] org.apache.catalina.startup.HostConfig.deployDirectory Deployment of web application directory [/opt/pm3-grupo6/backend/tomcat/webapps/docs] has finished in [82] ms
06-May-2026 15:24:41.368 INFO [main] org.apache.catalina.startup.HostConfig.deployDirectory Deploying web application directory [/opt/pm3-grupo6/backend/tomcat/webapps/manager]
06-May-2026 15:24:41.499 INFO [main] org.apache.catalina.startup.HostConfig.deployDirectory Deployment of web application directory [/opt/pm3-grupo6/backend/tomcat/webapps/manager] has finished in [130] ms
06-May-2026 15:24:41.509 INFO [main] org.apache.catalina.startup.HostConfig.deployDirectory Deploying web application directory [/opt/pm3-grupo6/backend/tomcat/webapps/examples]
06-May-2026 15:24:42.883 INFO [main] org.apache.catalina.startup.HostConfig.deployDirectory Deployment of web application directory [/opt/pm3-grupo6/backend/tomcat/webapps/examples] has finished in [1,374] ms
06-May-2026 15:24:42.904 INFO [main] org.apache.coyote.AbstractProtocol.start Starting ProtocolHandler ["http-nio-8080"]
06-May-2026 15:24:43.161 INFO [main] org.apache.catalina.startup.Catalina.start Server startup in [4989] milliseconds
